0 info it worked if it ends with ok
1 verbose cli [ 'c:\\Program Files\\nodejs\\node.exe',
1 verbose cli   'c:\\Program Files\\nodejs\\node_modules\\npm\\bin\\npm-cli.js',
1 verbose cli   'install',
1 verbose cli   '-g' ]
2 info using npm@2.14.4
3 info using node@v4.1.2
4 verbose install initial load of C:\Users\Adamantitum\AppData\Roaming\npm\package.json
5 verbose readDependencies loading dependencies from C:\Users\Adamantitum\AppData\Roaming\npm\package.json
6 silly cache add args [ '.', null ]
7 verbose cache add spec .
8 silly cache add parsed spec Result {
8 silly cache add   raw: '.',
8 silly cache add   scope: null,
8 silly cache add   name: null,
8 silly cache add   rawSpec: '.',
8 silly cache add   spec: 'c:\\wamp\\www\\coachSportif',
8 silly cache add   type: 'directory' }
9 verbose addLocalDirectory C:\Users\Adamantitum\AppData\Roaming\npm-cache\coachsportif\1.1.1\package.tgz not in flight; packing
10 verbose tar pack [ 'C:\\Users\\Adamantitum\\AppData\\Roaming\\npm-cache\\coachsportif\\1.1.1\\package.tgz',
10 verbose tar pack   'c:\\wamp\\www\\coachSportif' ]
11 verbose tarball C:\Users\Adamantitum\AppData\Roaming\npm-cache\coachsportif\1.1.1\package.tgz
12 verbose folder c:\wamp\www\coachSportif
13 info prepublish coachsportif@1.1.1
14 verbose stack TypeError: Path must be a string. Received [ './dist/ionic-datepicker.bundle.min.js' ]
14 verbose stack     at assertPath (path.js:8:11)
14 verbose stack     at Object.win32.resolve (path.js:130:5)
14 verbose stack     at Packer.applyIgnores (c:\Program Files\nodejs\node_modules\npm\node_modules\fstream-npm\fstream-npm.js:109:59)
14 verbose stack     at Packer.<anonymous> (c:\Program Files\nodejs\node_modules\npm\node_modules\fstream-npm\node_modules\fstream-ignore\ignore.js:181:17)
14 verbose stack     at Array.filter (native)
14 verbose stack     at Packer.IgnoreReader.filterEntries (c:\Program Files\nodejs\node_modules\npm\node_modules\fstream-npm\node_modules\fstream-ignore\ignore.js:179:31)
14 verbose stack     at Packer.<anonymous> (c:\Program Files\nodejs\node_modules\npm\node_modules\fstream-npm\node_modules\fstream-ignore\ignore.js:92:12)
14 verbose stack     at Packer.<anonymous> (c:\Program Files\nodejs\node_modules\npm\node_modules\fstream-npm\node_modules\fstream-ignore\ignore.js:134:5)
14 verbose stack     at c:\Program Files\nodejs\node_modules\npm\node_modules\graceful-fs\graceful-fs.js:76:16
14 verbose stack     at FSReqWrap.readFileAfterClose [as oncomplete] (fs.js:380:3)
15 verbose cwd c:\wamp\www\coachSportif
16 error Windows_NT 6.3.9600
17 error argv "c:\\Program Files\\nodejs\\node.exe" "c:\\Program Files\\nodejs\\node_modules\\npm\\bin\\npm-cli.js" "install" "-g"
18 error node v4.1.2
19 error npm  v2.14.4
20 error Path must be a string. Received [ './dist/ionic-datepicker.bundle.min.js' ]
21 error If you need help, you may report this error at:
21 error     <https://github.com/npm/npm/issues>
22 verbose exit [ 1, true ]
